<?xml version="1.0" encoding="UTF-8"?>
<testng-results ignored="0" total="1" passed="1" failed="0" skipped="0">
  <reporter-output>
  </reporter-output>
  <suite started-at="2024-08-14T14:39:47 IST" name="Default suite" finished-at="2024-08-14T14:39:47 IST" duration-ms="41">
    <groups>
    </groups>
    <test started-at="2024-08-14T14:39:47 IST" name="Default test" finished-at="2024-08-14T14:39:47 IST" duration-ms="41">
      <class name="scripts.reverse">
        <test-method signature="demo1()[pri:0, instance:scripts.reverse@4944252c]" started-at="2024-08-14T14:39:47 IST" name="demo1" finished-at="2024-08-14T14:39:47 IST" duration-ms="7" status="PASS">
          <reporter-output>
          </reporter-output>
        </test-method> <!-- demo1 -->
      </class> <!-- scripts.reverse -->
    </test> <!-- Default test -->
  </suite> <!-- Default suite -->
</testng-results>
